[2003-04-12 11:41:57] Loaded game: C:\proj\pq6.2\Cokie [Oobag].pq
[2003-04-12 11:42:02] Gained a manes tooth
[2003-04-12 11:42:02] Executing a Manes...
[2003-04-12 11:42:09] Gained a manes tooth
[2003-04-12 11:42:09] Executing a Battle-Manes...
[2003-04-12 11:42:22] Quest completed: Deliver this bucket
[2003-04-12 11:42:22] Commencing quest: Placate the Boogies
[2003-04-12 11:42:22] Saving game: C:\proj\pq6.2\Cokie [Oobag].pq
[2003-04-12 11:42:22] Gained a manes tooth
[2003-04-12 11:42:22] Executing a Nixie...
[2003-04-12 11:42:28] Gained a nixie webbing
[2003-04-12 11:42:28] Executing a Goblin...
[2003-04-12 11:42:34] Gained a goblin ear
[2003-04-12 11:42:34] Heading to market to sell loot...
[2003-04-12 11:42:38] Selling a gnoll collar...
[2003-04-12 11:42:40] Got paid a gold piece
[2003-04-12 11:42:40] Selling a pirate booty...
[2003-04-12 11:42:41] Got paid a gold piece
[2003-04-12 11:42:41] Selling a quasit tail...
[2003-04-12 11:42:42] Got paid a gold piece
[2003-04-12 11:42:42] Selling a girl scout cookie...
[2003-04-12 11:42:43] Got paid a gold piece
[2003-04-12 11:42:43] Selling a multicell dendrite...
[2003-04-12 11:42:44] Got paid a gold piece
[2003-04-12 11:42:44] Selling a nebbish belly...
[2003-04-12 11:42:46] Got paid a gold piece
[2003-04-12 11:42:46] Selling a troglodyte tail...
[2003-04-12 11:42:47] Got paid a gold piece
[2003-04-12 11:42:47] Selling a merman trident...
[2003-04-12 11:42:48] Got paid a gold piece
[2003-04-12 11:42:48] Selling a yellow mold spore...
[2003-04-12 11:42:49] Got paid a gold piece
[2003-04-12 11:42:49] Selling a hippogriff egg...
[2003-04-12 11:42:50] Got paid a gold piece
[2003-04-12 11:42:50] Selling a koala heart...
[2003-04-12 11:42:52] Got paid a gold piece
[2003-04-12 11:42:52] Selling 7 manes tooths...
[2003-04-12 11:42:53] Got paid 7 gold pieces
[2003-04-12 11:42:53] Selling a nixie webbing...
[2003-04-12 11:42:54] Got paid a gold piece
[2003-04-12 11:42:54] Selling a goblin ear...
[2003-04-12 11:42:55] Got paid a gold piece
[2003-04-12 11:42:55] Heading to the killing fields...
[2003-04-12 11:42:59] Executing an undernourished Triton...
[2003-04-12 11:43:12] Gained a triton scale
[2003-04-12 11:43:12] Executing a passing Battle-Finch Hunter Strangler...
[2003-04-12 11:43:24] Gained a Fearsome  Sceptre of Loyalty
[2003-04-12 11:43:24] Executing an Uruk...
[2003-04-12 11:43:36] Gained an uruk boot
[2003-04-12 11:43:36] Executing a Battle-Dwarf...
[2003-04-12 11:43:49] Gained a dwarf drawers
[2003-04-12 11:43:49] Executing a Pixie...
[2003-04-12 11:43:55] Gained a pixie dust
[2003-04-12 11:43:55] Executing a Nebbish...
[2003-04-12 11:44:01] Gained a nebbish belly
[2003-04-12 11:44:01] Executing a Battle-Beagle...
[2003-04-12 11:44:07] Gained a beagle collar
[2003-04-12 11:44:07] Executing a Manes...
[2003-04-12 11:44:13] Gained a manes tooth
[2003-04-12 11:44:13] Executing a Sea Elf...
[2003-04-12 11:44:20] Gained a Level
[2003-04-12 11:44:20] Gained 7 HP Maxes
[2003-04-12 11:44:20] Gained 8 MP Maxes
[2003-04-12 11:44:20] Gained a STR
[2003-04-12 11:44:20] Gained a STR
[2003-04-12 11:44:20] Saving game: C:\proj\pq6.2\Cokie [Oobag].pq
[2003-04-12 11:44:22] Gained a sea elf jerkin
[2003-04-12 11:44:22] Executing a crippled preadolescent Umber Hulk...
[2003-04-12 11:44:28] Gained an umber hulk claw
[2003-04-12 11:44:28] Executing a cursed Orc...
[2003-04-12 11:44:37] Quest completed: Placate the Boogies
[2003-04-12 11:44:37] Commencing quest: Placate the Nymphs
[2003-04-12 11:44:37] Saving game: C:\proj\pq6.2\Cokie [Oobag].pq
[2003-04-12 11:44:37] Gained an orc snout
[2003-04-12 11:44:37] Executing a Wolf...
[2003-04-12 11:44:43] Gained a wolf paw
[2003-04-12 11:44:43] Executing a greater Nixie...
[2003-04-12 11:44:50] Gained a nixie webbing
[2003-04-12 11:44:50] Executing a Grid Bug...
[2003-04-12 11:44:53] Gained a grid bug carapace
[2003-04-12 11:44:53] Executing a Troglodyte...
[2003-04-12 11:44:59] Gained a troglodyte tail
[2003-04-12 11:44:59] Executing an Uruk...
[2003-04-12 11:45:06] Gained an uruk boot
[2003-04-12 11:45:06] Executing an underage Piercer...
[2003-04-12 11:45:12] Gained a piercer tip
[2003-04-12 11:45:12] Executing a Brown Elf...
[2003-04-12 11:45:15] Gained a brown elf tusk
[2003-04-12 11:45:15] Executing a greater Swamp Elf...
[2003-04-12 11:45:21] Gained a swamp elf lilypad
[2003-04-12 11:45:21] Executing a crippled Medusa...
[2003-04-12 11:45:31] Gained a medusa eye
[2003-04-12 11:45:31] Executing an undernourished Nymph...
[2003-04-12 11:45:38] Gained a nymph hanky
[2003-04-12 11:45:38] Executing a Stun Worm...
[2003-04-12 11:45:44] Gained a stun worm trode
[2003-04-12 11:45:44] Heading to market to sell loot...
[2003-04-12 11:45:48] Selling a triton scale...
[2003-04-12 11:45:49] Got paid 2 gold pieces
[2003-04-12 11:45:49] Selling a Fearsome  Sceptre of Loyalty...
[2003-04-12 11:45:50] Got paid 2 gold pieces
[2003-04-12 11:45:50] Selling 2 uruk boots...
[2003-04-12 11:45:52] Got paid 4 gold pieces
[2003-04-12 11:45:52] Selling a dwarf drawers...
[2003-04-12 11:45:53] Got paid 2 gold pieces
[2003-04-12 11:45:53] Selling a pixie dust...
[2003-04-12 11:45:54] Got paid 2 gold pieces
[2003-04-12 11:45:54] Selling a nebbish belly...
[2003-04-12 11:45:55] Got paid 2 gold pieces
[2003-04-12 11:45:55] Selling a beagle collar...
[2003-04-12 11:45:57] Got paid 2 gold pieces
[2003-04-12 11:45:57] Selling a manes tooth...
[2003-04-12 11:45:58] Got paid 2 gold pieces
[2003-04-12 11:45:58] Selling a sea elf jerkin...
[2003-04-12 11:45:59] Got paid 2 gold pieces
[2003-04-12 11:45:59] Selling an umber hulk claw...
[2003-04-12 11:46:00] Got paid 2 gold pieces
[2003-04-12 11:46:00] Selling an orc snout...
[2003-04-12 11:46:01] Got paid 2 gold pieces
[2003-04-12 11:46:01] Selling a wolf paw...
[2003-04-12 11:46:03] Got paid 2 gold pieces
[2003-04-12 11:46:03] Selling a nixie webbing...
[2003-04-12 11:46:04] Got paid 2 gold pieces
[2003-04-12 11:46:04] Selling a grid bug carapace...
[2003-04-12 11:46:05] Got paid 2 gold pieces
[2003-04-12 11:46:05] Selling a troglodyte tail...
[2003-04-12 11:46:06] Got paid 2 gold pieces
[2003-04-12 11:46:06] Selling a piercer tip...
[2003-04-12 11:46:07] Got paid 2 gold pieces
[2003-04-12 11:46:07] Selling a brown elf tusk...
[2003-04-12 11:46:09] Got paid 2 gold pieces
[2003-04-12 11:46:09] Selling a swamp elf lilypad...
[2003-04-12 11:46:10] Got paid 2 gold pieces
[2003-04-12 11:46:10] Selling a medusa eye...
[2003-04-12 11:46:11] Got paid 2 gold pieces
[2003-04-12 11:46:11] Selling a nymph hanky...
[2003-04-12 11:46:12] Got paid 2 gold pieces
[2003-04-12 11:46:12] Selling a stun worm trode...
[2003-04-12 11:46:13] Got paid 2 gold pieces
[2003-04-12 11:46:13] Negotiating purchase of better equipment...
[2003-04-12 11:46:19] Spent 60 gold pieces
[2003-04-12 11:46:19] Heading to the killing fields...
[2003-04-12 11:46:23] Executing a greater Rot Grub...
[2003-04-12 11:46:29] Gained a rot grub eggsac
[2003-04-12 11:46:29] Executing a sick Quasit...
[2003-04-12 11:46:32] Gained a quasit tail
[2003-04-12 11:46:33] Executing an underage Sea Hag...
[2003-04-12 11:46:39] Gained a sea hag wart
[2003-04-12 11:46:39] Executing a greater Bunny...
[2003-04-12 11:46:42] Gained a bunny ear
[2003-04-12 11:46:42] Executing a greater Uruk...
[2003-04-12 11:46:51] Gained an uruk boot
[2003-04-12 11:46:51] Executing a comatose Catoblepas...
[2003-04-12 11:46:58] Gained a catoblepas neck
[2003-04-12 11:46:58] Executing a Piercer...
[2003-04-12 11:47:07] Gained a piercer tip
[2003-04-12 11:47:07] Executing a greater Wolf...
[2003-04-12 11:47:17] Quest completed: Placate the Nymphs
[2003-04-12 11:47:17] Gained an INT
[2003-04-12 11:47:17] Commencing quest: Deliver this trinket
[2003-04-12 11:47:17] Saving game: C:\proj\pq6.2\Cokie [Oobag].pq
[2003-04-12 11:47:17] Gained a wolf paw
[2003-04-12 11:47:17] Executing a Cub Scout...
[2003-04-12 11:47:20] Gained a cub scout neckercheif
[2003-04-12 11:47:20] Executing a Sylph...
[2003-04-12 11:47:29] Gained a sylph thigh
[2003-04-12 11:47:29] Executing a Bat...
[2003-04-12 11:47:32] Gained a bat wing
[2003-04-12 11:47:32] Executing an underage Homonculus...
[2003-04-12 11:47:36] Gained a homonculus fluid
[2003-04-12 11:47:36] Executing a Gnoll...
[2003-04-12 11:47:42] Gained a gnoll collar
[2003-04-12 11:47:42] Executing an Eel...
[2003-04-12 11:47:48] Gained an eel sashimi
[2003-04-12 11:47:48] Executing a Girl Scout...
[2003-04-12 11:47:54] Gained a girl scout cookie
[2003-04-12 11:47:54] Executing a greater Merman...
[2003-04-12 11:48:01] Gained a merman trident
[2003-04-12 11:48:01] Executing a Battle-Orc...
[2003-04-12 11:48:07] Gained an orc snout
[2003-04-12 11:48:07] Executing a Yellow Mold...
[2003-04-12 11:48:10] Gained a yellow mold spore
[2003-04-12 11:48:10] Executing a cursed Goblin...
[2003-04-12 11:48:19] Gained a goblin ear
[2003-04-12 11:48:19] Executing a Piercer...
[2003-04-12 11:48:29] Gained a piercer tip
[2003-04-12 11:48:29] Executing a Jumpskin...
[2003-04-12 11:48:38] Gained a jumpskin shin
[2003-04-12 11:48:38] Executing a greater Grid Bug...
[2003-04-12 11:48:44] Gained a grid bug carapace
[2003-04-12 11:48:44] Heading to market to sell loot...
[2003-04-12 11:48:48] Selling a rot grub eggsac...
[2003-04-12 11:48:50] Got paid 2 gold pieces
[2003-04-12 11:48:50] Selling a quasit tail...
[2003-04-12 11:48:51] Got paid 2 gold pieces
[2003-04-12 11:48:51] Selling a sea hag wart...
[2003-04-12 11:48:52] Got paid 2 gold pieces
[2003-04-12 11:48:52] Selling a bunny ear...
[2003-04-12 11:48:53] Got paid 2 gold pieces
[2003-04-12 11:48:53] Selling an uruk boot...
[2003-04-12 11:48:54] Got paid 2 gold pieces
[2003-04-12 11:48:54] Selling a catoblepas neck...
[2003-04-12 11:48:56] Got paid 2 gold pieces
[2003-04-12 11:48:56] Selling 2 piercer tips...
[2003-04-12 11:48:57] Got paid 4 gold pieces
[2003-04-12 11:48:57] Selling a wolf paw...
[2003-04-12 11:48:58] Got paid 2 gold pieces
[2003-04-12 11:48:58] Selling a cub scout neckercheif...
[2003-04-12 11:48:59] Got paid 2 gold pieces
[2003-04-12 11:48:59] Selling a sylph thigh...
[2003-04-12 11:49:00] Got paid 2 gold pieces
[2003-04-12 11:49:00] Selling a bat wing...
[2003-04-12 11:49:02] Got paid 2 gold pieces
[2003-04-12 11:49:02] Selling a homonculus fluid...
[2003-04-12 11:49:03] Got paid 2 gold pieces
[2003-04-12 11:49:03] Selling a gnoll collar...
[2003-04-12 11:49:04] Got paid 2 gold pieces
[2003-04-12 11:49:04] Selling an eel sashimi...
[2003-04-12 11:49:05] Got paid 2 gold pieces
[2003-04-12 11:49:05] Selling a girl scout cookie...
[2003-04-12 11:49:06] Got paid 2 gold pieces
[2003-04-12 11:49:06] Selling a merman trident...
[2003-04-12 11:49:08] Got paid 2 gold pieces
[2003-04-12 11:49:08] Selling an orc snout...
[2003-04-12 11:49:09] Got paid 2 gold pieces
[2003-04-12 11:49:09] Selling a yellow mold spore...
[2003-04-12 11:49:10] Got paid 2 gold pieces
[2003-04-12 11:49:10] Selling a goblin ear...
[2003-04-12 11:49:11] Got paid 2 gold pieces
[2003-04-12 11:49:11] Selling a jumpskin shin...
[2003-04-12 11:49:12] Got paid 2 gold pieces
[2003-04-12 11:49:12] Selling a grid bug carapace...
[2003-04-12 11:49:14] Got paid 2 gold pieces
[2003-04-12 11:49:14] Heading to the killing fields...
[2003-04-12 11:49:18] Executing a greater Leprechaun...
[2003-04-12 11:49:24] Gained a leprechaun wallet
[2003-04-12 11:49:24] Executing a cursed Crayfish...
[2003-04-12 11:49:30] Gained a crayfish antenna
[2003-04-12 11:49:30] Executing an Iron Peasant...
[2003-04-12 11:49:40] Gained an iron peasant chaff
[2003-04-12 11:49:40] Executing an undernourished Green Slime...
[2003-04-12 11:49:43] Gained a green slime sample
[2003-04-12 11:49:43] Executing an Uruk...
[2003-04-12 11:49:49] Gained an uruk boot
[2003-04-12 11:49:49] Executing an underage Violet Fungi...
[2003-04-12 11:49:55] Gained a violet fungi spore
[2003-04-12 11:49:55] Executing a Camel...
[2003-04-12 11:50:01] Gained a camel hump
[2003-04-12 11:50:01] Executing a greater Rat...
[2003-04-12 11:50:23] Loaded game: C:\proj\pq6.2\Cokie [Oobag].pq
[2003-04-12 11:50:23] Gained a wolf paw
[2003-04-12 11:50:23] Executing a Yellow Mold...
[2003-04-12 11:50:27] Gained a yellow mold spore
[2003-04-12 11:50:27] Executing a massive Nixie...
[2003-04-12 11:50:30] Saving game: C:\proj\pq6.2\Cokie [Oobag].pq
[2003-04-12 11:52:42] Loaded game: C:\proj\pq6.2\Cokie [Oobag].pq
[2003-04-12 11:53:40] Loaded game: C:\proj\pq6.2\Cokie [Oobag].pq
[2003-04-12 11:53:46] Gained a nixie webbing
[2003-04-12 11:53:46] Executing a Yellow Mold...
[2003-04-12 11:53:49] Gained a yellow mold spore
[2003-04-12 11:53:49] Executing a massive Nixie...
[2003-04-12 11:53:59] Gained a nixie webbing
[2003-04-12 11:53:59] Executing a Goblin...
[2003-04-12 11:54:02] Gained a goblin ear
[2003-04-12 11:54:02] Executing a Battle-Leprechaun...
[2003-04-12 11:54:06] Saving game: C:\proj\pq6.2\Cokie [Oobag].pq
